<?xml version="1.0" encoding="UTF-8"?>
<testng-results ignored="0" total="1" passed="1" failed="0" skipped="0">
  <reporter-output>
  </reporter-output>
  <suite started-at="2022-08-29T11:17:33Z" name="Default suite" finished-at="2022-08-29T11:18:36Z" duration-ms="63405">
    <groups>
    </groups>
    <test started-at="2022-08-29T11:17:33Z" name="Default test" finished-at="2022-08-29T11:18:36Z" duration-ms="63405">
      <class name="PageTests.Rev_Summary_Daily">
        <test-method is-config="true" signature="setup()[pri:0, instance:PageTests.Rev_Summary_Daily@75d3a5e0]" started-at="2022-08-29T11:17:33Z" name="setup" finished-at="2022-08-29T11:18:02Z" duration-ms="28899" status="PASS">
          <reporter-output>
          </reporter-output>
        </test-method> <!-- setup -->
        <test-method signature="Rev_Summary_Count()[pri:0, instance:PageTests.Rev_Summary_Daily@75d3a5e0]" started-at="2022-08-29T11:18:02Z" name="Rev_Summary_Count" finished-at="2022-08-29T11:18:36Z" duration-ms="34497" status="PASS">
          <reporter-output>
          </reporter-output>
        </test-method> <!-- Rev_Summary_Count -->
      </class> <!-- PageTests.Rev_Summary_Daily -->
    </test> <!-- Default test -->
  </suite> <!-- Default suite -->
</testng-results>
